2023-04-03 14:21:36,196 [Worker-8: Loading available Gradle versions] INFO  o.e.b.c.i.u.g.PublishedGradleVersions - Gradle version information cache is up-to-date. Trying to read.
2023-04-09 13:58:22,121 [Worker-8: Loading available Gradle versions] INFO  o.e.b.c.i.u.g.PublishedGradleVersions - Gradle version information cache is up-to-date. Trying to read.
2023-04-09 13:58:55,601 [Worker-37: Updating Maven Dependencies] INFO  o.e.m.c.i.l.LifecycleMappingFactory - Using org.eclipse.m2e.jdt.JarLifecycleMapping lifecycle mapping for MavenProject: ca.ttms:ttms-backend:0.0.1-SNAPSHOT @ C:\Users\zunai\Documents\Capston Conquerors\TripleTMangementSystem\Development\TripleTManagementSystem\ttms-backend\ttms-backend\pom.xml.
2023-04-09 13:59:01,137 [Worker-20: Building] INFO  o.e.m.c.i.l.LifecycleMappingFactory - Using org.eclipse.m2e.jdt.JarLifecycleMapping lifecycle mapping for MavenProject: ca.ttms:ttms-backend:0.0.1-SNAPSHOT @ C:\Users\zunai\Documents\Capston Conquerors\TripleTMangementSystem\Development\TripleTManagementSystem\ttms-backend\ttms-backend\pom.xml.
2023-04-09 13:59:03,215 [Worker-20: Building] WARN  o.e.m.c.i.embedder.EclipseLogger - The artifact org.hibernate:hibernate-validator:jar:8.0.0.Final has been relocated to org.hibernate.validator:hibernate-validator:jar:8.0.0.Final
2023-04-09 13:59:03,215 [Worker-37: Updating Maven Dependencies] WARN  o.e.m.c.i.embedder.EclipseLogger - The artifact org.hibernate:hibernate-validator:jar:8.0.0.Final has been relocated to org.hibernate.validator:hibernate-validator:jar:8.0.0.Final
2023-04-09 13:59:05,382 [Worker-20: Building] INFO  o.a.m.s.f.DefaultMavenResourcesFiltering - Copying 1 resource
2023-04-09 13:59:05,417 [Worker-20: Building] INFO  o.a.m.s.f.DefaultMavenResourcesFiltering - Copying 0 resource
2023-04-09 13:59:05,421 [Worker-20: Building] INFO  o.a.m.s.f.DefaultMavenResourcesFiltering - skip non existing resourceDirectory C:\Users\zunai\Documents\Capston Conquerors\TripleTMangementSystem\Development\TripleTManagementSystem\ttms-backend\ttms-backend\src\test\resources
2023-04-09 13:59:07,319 [Worker-37: Updating Maven Dependencies] INFO  o.e.m.c.i.l.LifecycleMappingFactory - Using org.eclipse.m2e.jdt.JarLifecycleMapping lifecycle mapping for MavenProject: ca.ttms:ttms-backend:0.0.1-SNAPSHOT @ C:\Users\zunai\Documents\Capston Conquerors\TripleTMangementSystem\Development\TripleTManagementSystem\ttms-backend\ttms-backend\pom.xml.
2023-04-09 13:59:08,474 [Worker-19: Building] WARN  o.e.m.c.i.embedder.EclipseLogger - The artifact org.hibernate:hibernate-validator:jar:8.0.0.Final has been relocated to org.hibernate.validator:hibernate-validator:jar:8.0.0.Final
2023-04-09 13:59:08,759 [Worker-19: Building] INFO  o.a.m.s.f.DefaultMavenResourcesFiltering - Copying 1 resource
2023-04-09 13:59:08,848 [Worker-19: Building] INFO  o.a.m.s.f.DefaultMavenResourcesFiltering - Copying 0 resource
2023-04-09 13:59:08,856 [Worker-19: Building] INFO  o.a.m.s.f.DefaultMavenResourcesFiltering - skip non existing resourceDirectory C:\Users\zunai\Documents\Capston Conquerors\TripleTMangementSystem\Development\TripleTManagementSystem\ttms-backend\ttms-backend\src\test\resources
2023-04-09 13:59:09,320 [Worker-37: Updating Maven Dependencies] WARN  o.e.m.c.i.embedder.EclipseLogger - The artifact org.hibernate:hibernate-validator:jar:8.0.0.Final has been relocated to org.hibernate.validator:hibernate-validator:jar:8.0.0.Final
2023-04-09 13:59:10,870 [Worker-9: Building] INFO  o.a.m.s.f.DefaultMavenResourcesFiltering - Copying 0 resource
2023-04-09 13:59:10,871 [Worker-9: Building] INFO  o.a.m.s.f.DefaultMavenResourcesFiltering - Copying 0 resource
2023-04-09 13:59:10,876 [Worker-9: Building] INFO  o.a.m.s.f.DefaultMavenResourcesFiltering - skip non existing resourceDirectory C:\Users\zunai\Documents\Capston Conquerors\TripleTMangementSystem\Development\TripleTManagementSystem\ttms-backend\ttms-backend\src\test\resources
2023-04-10 12:09:50,626 [Worker-1: Loading available Gradle versions] INFO  o.e.b.c.i.u.g.PublishedGradleVersions - Gradle version information cache is up-to-date. Trying to read.
2023-04-10 12:10:27,474 [Worker-19: Check for devtools] WARN  o.e.m.c.i.embedder.EclipseLogger - The artifact org.hibernate:hibernate-validator:jar:8.0.0.Final has been relocated to org.hibernate.validator:hibernate-validator:jar:8.0.0.Final
2023-04-10 16:48:49,011 [Worker-104: Building] INFO  o.a.m.s.f.DefaultMavenResourcesFiltering - Copying 1 resource
2023-04-10 16:48:49,038 [Worker-104: Building] INFO  o.a.m.s.f.DefaultMavenResourcesFiltering - Copying 0 resource
2023-04-10 16:48:49,043 [Worker-104: Building] INFO  o.a.m.s.f.DefaultMavenResourcesFiltering - skip non existing resourceDirectory C:\Users\zunai\Documents\Capston Conquerors\TripleTMangementSystem\Development\TripleTManagementSystem\ttms-backend\ttms-backend\src\test\resources
